\BOOKMARK [0][-]{chapter.1}{\376\377\0001\000\040\004\020\004\073\004\104\004\060\004\062\004\070\004\102\004\075\004\113\004\071\000\040\004\103\004\072\004\060\004\067\004\060\004\102\004\065\004\073\004\114\000\040\004\077\004\100\004\076\004\101\004\102\004\100\004\060\004\075\004\101\004\102\004\062\000\040\004\070\004\074\004\065\004\075}{}% 1
\BOOKMARK [1][-]{section.1.1}{\376\377\0001\000.\0001\000\040\004\037\004\100\004\076\004\101\004\102\004\100\004\060\004\075\004\101\004\102\004\062\004\060\000\040\004\070\004\074\004\065\004\075}{chapter.1}% 2
\BOOKMARK [0][-]{chapter.2}{\376\377\0002\000\040\004\020\004\073\004\104\004\060\004\062\004\070\004\102\004\075\004\113\004\071\000\040\004\103\004\072\004\060\004\067\004\060\004\102\004\065\004\073\004\114\000\040\004\072\004\073\004\060\004\101\004\101\004\076\004\062}{}% 3
\BOOKMARK [1][-]{section.2.1}{\376\377\0002\000.\0001\000\040\004\032\004\073\004\060\004\101\004\101\004\113}{chapter.2}% 4
\BOOKMARK [0][-]{chapter.3}{\376\377\0003\000\040\004\041\004\077\004\070\004\101\004\076\004\072\000\040\004\104\004\060\004\071\004\073\004\076\004\062}{}% 5
\BOOKMARK [1][-]{section.3.1}{\376\377\0003\000.\0001\000\040\004\044\004\060\004\071\004\073\004\113}{chapter.3}% 6
\BOOKMARK [0][-]{chapter.4}{\376\377\0004\000\040\004\037\004\100\004\076\004\101\004\102\004\100\004\060\004\075\004\101\004\102\004\062\004\060\000\040\004\070\004\074\004\065\004\075}{}% 7
\BOOKMARK [1][-]{section.4.1}{\376\377\0004\000.\0001\000\040\004\037\004\100\004\076\004\101\004\102\004\100\004\060\004\075\004\101\004\102\004\062\004\076\000\040\004\070\004\074\004\065\004\075\000\040\000b\000a\000d\000\137\000l\000a\000n\000g\000u\000a\000g\000e}{chapter.4}% 8
\BOOKMARK [1][-]{section.4.2}{\376\377\0004\000.\0002\000\040\004\037\004\100\004\076\004\101\004\102\004\100\004\060\004\075\004\101\004\102\004\062\004\076\000\040\004\070\004\074\004\065\004\075\000\040\000d\000i\000a\000l\000o\000g\000p\000t}{chapter.4}% 9
\BOOKMARK [2][-]{subsection.4.2.1}{\376\377\0004\000.\0002\000.\0001\000\040\004\037\004\076\004\064\004\100\004\076\004\061\004\075\004\076\004\065\000\040\004\076\004\077\004\070\004\101\004\060\004\075\004\070\004\065}{section.4.2}% 10
\BOOKMARK [1][-]{section.4.3}{\376\377\0004\000.\0003\000\040\004\037\004\100\004\076\004\101\004\102\004\100\004\060\004\075\004\101\004\102\004\062\004\076\000\040\004\070\004\074\004\065\004\075\000\040\000e\000m\000b\000e\000d\000d\000i\000n\000g\000s}{chapter.4}% 11
\BOOKMARK [1][-]{section.4.4}{\376\377\0004\000.\0004\000\040\004\037\004\100\004\076\004\101\004\102\004\100\004\060\004\075\004\101\004\102\004\062\004\076\000\040\004\070\004\074\004\065\004\075\000\040\000J\000o\000k\000e\000C\000l\000a\000s\000s\000i\000f\000i\000e\000r}{chapter.4}% 12
\BOOKMARK [1][-]{section.4.5}{\376\377\0004\000.\0005\000\040\004\037\004\100\004\076\004\101\004\102\004\100\004\060\004\075\004\101\004\102\004\062\004\076\000\040\004\070\004\074\004\065\004\075\000\040\000p\000r\000o\000d}{chapter.4}% 13
\BOOKMARK [2][-]{subsection.4.5.1}{\376\377\0004\000.\0005\000.\0001\000\040\004\037\004\076\004\064\004\100\004\076\004\061\004\075\004\076\004\065\000\040\004\076\004\077\004\070\004\101\004\060\004\075\004\070\004\065}{section.4.5}% 14
\BOOKMARK [2][-]{subsection.4.5.2}{\376\377\0004\000.\0005\000.\0002\000\040\004\037\004\065\004\100\004\065\004\074\004\065\004\075\004\075\004\113\004\065}{section.4.5}% 15
\BOOKMARK [3][-]{subsubsection.4.5.2.1}{\376\377\0004\000.\0005\000.\0002\000.\0001\000\040\000a\000r\000g\000s}{subsection.4.5.2}% 16
\BOOKMARK [3][-]{subsubsection.4.5.2.2}{\376\377\0004\000.\0005\000.\0002\000.\0002\000\040\000h\000e\000l\000p}{subsection.4.5.2}% 17
\BOOKMARK [3][-]{subsubsection.4.5.2.3}{\376\377\0004\000.\0005\000.\0002\000.\0003\000\040\000p\000a\000r\000s\000e\000r}{subsection.4.5.2}% 18
\BOOKMARK [3][-]{subsubsection.4.5.2.4}{\376\377\0004\000.\0005\000.\0002\000.\0004\000\040\000r\000e\000q\000u\000i\000r\000e\000d}{subsection.4.5.2}% 19
\BOOKMARK [3][-]{subsubsection.4.5.2.5}{\376\377\0004\000.\0005\000.\0002\000.\0005\000\040\000T\000r\000u\000e}{subsection.4.5.2}% 20
\BOOKMARK [1][-]{section.4.6}{\376\377\0004\000.\0006\000\040\004\037\004\100\004\076\004\101\004\102\004\100\004\060\004\075\004\101\004\102\004\062\004\076\000\040\004\070\004\074\004\065\004\075\000\040\000p\000r\000o\000d\000.\000w\000o\000r\000k\000e\000r}{chapter.4}% 21
\BOOKMARK [2][-]{subsection.4.6.1}{\376\377\0004\000.\0006\000.\0001\000\040\004\037\004\076\004\064\004\100\004\076\004\061\004\075\004\076\004\065\000\040\004\076\004\077\004\070\004\101\004\060\004\075\004\070\004\065}{section.4.6}% 22
\BOOKMARK [1][-]{section.4.7}{\376\377\0004\000.\0007\000\040\004\037\004\100\004\076\004\101\004\102\004\100\004\060\004\075\004\101\004\102\004\062\004\076\000\040\004\070\004\074\004\065\004\075\000\040\000t\000e\000x\000t}{chapter.4}% 23
\BOOKMARK [2][-]{subsection.4.7.1}{\376\377\0004\000.\0007\000.\0001\000\040\004\037\004\076\004\064\004\100\004\076\004\061\004\075\004\076\004\065\000\040\004\076\004\077\004\070\004\101\004\060\004\075\004\070\004\065}{section.4.7}% 24
\BOOKMARK [2][-]{subsection.4.7.2}{\376\377\0004\000.\0007\000.\0002\000\040\004\044\004\103\004\075\004\072\004\106\004\070\004\070}{section.4.7}% 25
\BOOKMARK [3][-]{subsubsection.4.7.2.1}{\376\377\0004\000.\0007\000.\0002\000.\0001\000\040\000e\000x\000t\000r\000a\000c\000t\000\137\000t\000e\000x\000t\000\050\000\051}{subsection.4.7.2}% 26
\BOOKMARK [3][-]{subsubsection.4.7.2.2}{\376\377\0004\000.\0007\000.\0002\000.\0002\000\040\000g\000e\000t\000\137\000j\000o\000k\000e\000\050\000\051}{subsection.4.7.2}% 27
\BOOKMARK [3][-]{subsubsection.4.7.2.3}{\376\377\0004\000.\0007\000.\0002\000.\0003\000\040\000g\000e\000t\000\137\000t\000e\000x\000t\000\050\000\051}{subsection.4.7.2}% 28
\BOOKMARK [1][-]{section.4.8}{\376\377\0004\000.\0008\000\040\004\037\004\100\004\076\004\101\004\102\004\100\004\060\004\075\004\101\004\102\004\062\004\076\000\040\004\070\004\074\004\065\004\075\000\040\000t\000r\000a\000n\000s\000l\000a\000t\000e\000\137\000e\000m\000o\000j\000i}{chapter.4}% 29
\BOOKMARK [2][-]{subsection.4.8.1}{\376\377\0004\000.\0008\000.\0001\000\040\004\037\004\076\004\064\004\100\004\076\004\061\004\075\004\076\004\065\000\040\004\076\004\077\004\070\004\101\004\060\004\075\004\070\004\065}{section.4.8}% 30
\BOOKMARK [2][-]{subsection.4.8.2}{\376\377\0004\000.\0008\000.\0002\000\040\004\044\004\103\004\075\004\072\004\106\004\070\004\070}{section.4.8}% 31
\BOOKMARK [3][-]{subsubsection.4.8.2.1}{\376\377\0004\000.\0008\000.\0002\000.\0001\000\040\000d\000e\000\137\000e\000m\000o\000j\000i\000f\000y\000\050\000\051}{subsection.4.8.2}% 32
\BOOKMARK [3][-]{subsubsection.4.8.2.2}{\376\377\0004\000.\0008\000.\0002\000.\0002\000\040\000e\000m\000o\000j\000i\000\137\000t\000o\000\137\000t\000e\000x\000t\000\050\000\051}{subsection.4.8.2}% 33
\BOOKMARK [3][-]{subsubsection.4.8.2.3}{\376\377\0004\000.\0008\000.\0002\000.\0003\000\040\000e\000n\000g\000\137\000t\000o\000\137\000r\000u\000s\000\050\000\051}{subsection.4.8.2}% 34
\BOOKMARK [2][-]{subsection.4.8.3}{\376\377\0004\000.\0008\000.\0003\000\040\004\037\004\065\004\100\004\065\004\074\004\065\004\075\004\075\004\113\004\065}{section.4.8}% 35
\BOOKMARK [3][-]{subsubsection.4.8.3.1}{\376\377\0004\000.\0008\000.\0003\000.\0001\000\040\000t\000r\000a\000n\000s\000l\000a\000t\000o\000r}{subsection.4.8.3}% 36
\BOOKMARK [1][-]{section.4.9}{\376\377\0004\000.\0009\000\040\004\037\004\100\004\076\004\101\004\102\004\100\004\060\004\075\004\101\004\102\004\062\004\076\000\040\004\070\004\074\004\065\004\075\000\040\000w\000e\000b}{chapter.4}% 37
\BOOKMARK [2][-]{subsection.4.9.1}{\376\377\0004\000.\0009\000.\0001\000\040\004\037\004\076\004\064\004\100\004\076\004\061\004\075\004\076\004\065\000\040\004\076\004\077\004\070\004\101\004\060\004\075\004\070\004\065}{section.4.9}% 38
\BOOKMARK [2][-]{subsection.4.9.2}{\376\377\0004\000.\0009\000.\0002\000\040\004\044\004\103\004\075\004\072\004\106\004\070\004\070}{section.4.9}% 39
\BOOKMARK [3][-]{subsubsection.4.9.2.1}{\376\377\0004\000.\0009\000.\0002\000.\0001\000\040\000g\000e\000t\000\137\000a\000d\000v\000i\000c\000e\000\050\000\051}{subsection.4.9.2}% 40
\BOOKMARK [3][-]{subsubsection.4.9.2.2}{\376\377\0004\000.\0009\000.\0002\000.\0002\000\040\000g\000e\000t\000\137\000u\000p\000d\000a\000t\000e\000s\000\050\000\051}{subsection.4.9.2}% 41
\BOOKMARK [3][-]{subsubsection.4.9.2.3}{\376\377\0004\000.\0009\000.\0002\000.\0003\000\040\000s\000e\000n\000d\000\137\000m\000e\000s\000s\000a\000g\000e\000\050\000\051}{subsection.4.9.2}% 42
\BOOKMARK [2][-]{subsection.4.9.3}{\376\377\0004\000.\0009\000.\0003\000\040\004\037\004\065\004\100\004\065\004\074\004\065\004\075\004\075\004\113\004\065}{section.4.9}% 43
\BOOKMARK [3][-]{subsubsection.4.9.3.1}{\376\377\0004\000.\0009\000.\0003\000.\0001\000\040\000a\000p\000i\000\137\000u\000r\000l}{subsection.4.9.3}% 44
\BOOKMARK [0][-]{chapter.5}{\376\377\0005\000\040\004\032\004\073\004\060\004\101\004\101\004\113}{}% 45
\BOOKMARK [1][-]{section.5.1}{\376\377\0005\000.\0001\000\040\004\032\004\073\004\060\004\101\004\101\000\040\000d\000i\000a\000l\000o\000g\000p\000t\000.\000D\000i\000a\000l\000o\000G\000P\000T}{chapter.5}% 46
\BOOKMARK [2][-]{subsection.5.1.1}{\376\377\0005\000.\0001\000.\0001\000\040\004\037\004\076\004\064\004\100\004\076\004\061\004\075\004\076\004\065\000\040\004\076\004\077\004\070\004\101\004\060\004\075\004\070\004\065}{section.5.1}% 47
\BOOKMARK [2][-]{subsection.5.1.2}{\376\377\0005\000.\0001\000.\0002\000\040\004\032\004\076\004\075\004\101\004\102\004\100\004\103\004\072\004\102\004\076\004\100\000\050\004\113\000\051}{section.5.1}% 48
\BOOKMARK [3][-]{subsubsection.5.1.2.1}{\376\377\0005\000.\0001\000.\0002\000.\0001\000\040\000\137\000\137\000i\000n\000i\000t\000\137\000\137\000\050\000\051}{subsection.5.1.2}% 49
\BOOKMARK [2][-]{subsection.5.1.3}{\376\377\0005\000.\0001\000.\0003\000\040\004\034\004\065\004\102\004\076\004\064\004\113}{section.5.1}% 50
\BOOKMARK [3][-]{subsubsection.5.1.3.1}{\376\377\0005\000.\0001\000.\0003\000.\0001\000\040\000g\000e\000n\000e\000r\000a\000t\000e\000\050\000\051}{subsection.5.1.3}% 51
\BOOKMARK [3][-]{subsubsection.5.1.3.2}{\376\377\0005\000.\0001\000.\0003\000.\0002\000\040\000g\000e\000t\000\137\000l\000e\000n\000g\000t\000h\000\137\000p\000a\000r\000a\000m\000\050\000\051}{subsection.5.1.3}% 52
\BOOKMARK [3][-]{subsubsection.5.1.3.3}{\376\377\0005\000.\0001\000.\0003\000.\0003\000\040\000g\000e\000t\000\137\000r\000e\000s\000p\000o\000n\000s\000e\000\050\000\051}{subsection.5.1.3}% 53
\BOOKMARK [3][-]{subsubsection.5.1.3.4}{\376\377\0005\000.\0001\000.\0003\000.\0004\000\040\000p\000r\000o\000c\000e\000s\000s\000\137\000t\000e\000x\000t\000\050\000\051}{subsection.5.1.3}% 54
\BOOKMARK [3][-]{subsubsection.5.1.3.5}{\376\377\0005\000.\0001\000.\0003\000.\0005\000\040\000r\000e\000s\000t\000a\000r\000t\000\050\000\051}{subsection.5.1.3}% 55
\BOOKMARK [2][-]{subsection.5.1.4}{\376\377\0005\000.\0001\000.\0004\000\040\004\024\004\060\004\075\004\075\004\113\004\065\000\040\004\072\004\073\004\060\004\101\004\101\004\060}{section.5.1}% 56
\BOOKMARK [3][-]{subsubsection.5.1.4.1}{\376\377\0005\000.\0001\000.\0004\000.\0001\000\040\000c\000h\000a\000t\000\137\000h\000i\000s\000t\000o\000r\000y}{subsection.5.1.4}% 57
\BOOKMARK [3][-]{subsubsection.5.1.4.2}{\376\377\0005\000.\0001\000.\0004\000.\0002\000\040\000m\000o\000d\000e\000l}{subsection.5.1.4}% 58
\BOOKMARK [3][-]{subsubsection.5.1.4.3}{\376\377\0005\000.\0001\000.\0004\000.\0003\000\040\000t\000o\000k\000e\000n\000i\000z\000e\000r}{subsection.5.1.4}% 59
\BOOKMARK [3][-]{subsubsection.5.1.4.4}{\376\377\0005\000.\0001\000.\0004\000.\0004\000\040\000u\000s\000e\000r\000\137\000i\000n\000p\000u\000t\000\137\000s\000i\000z\000e}{subsection.5.1.4}% 60
\BOOKMARK [3][-]{subsubsection.5.1.4.5}{\376\377\0005\000.\0001\000.\0004\000.\0005\000\040\000w\000i\000n\000d\000o\000w\000\137\000s\000i\000z\000e}{subsection.5.1.4}% 61
\BOOKMARK [1][-]{section.5.2}{\376\377\0005\000.\0002\000\040\004\032\004\073\004\060\004\101\004\101\000\040\000e\000m\000b\000e\000d\000d\000i\000n\000g\000s\000.\000E\000m\000b\000e\000d\000d\000i\000n\000g\000C\000r\000e\000a\000t\000o\000r}{chapter.5}% 62
\BOOKMARK [2][-]{subsection.5.2.1}{\376\377\0005\000.\0002\000.\0001\000\040\004\037\004\076\004\064\004\100\004\076\004\061\004\075\004\076\004\065\000\040\004\076\004\077\004\070\004\101\004\060\004\075\004\070\004\065}{section.5.2}% 63
\BOOKMARK [2][-]{subsection.5.2.2}{\376\377\0005\000.\0002\000.\0002\000\040\004\032\004\076\004\075\004\101\004\102\004\100\004\103\004\072\004\102\004\076\004\100\000\050\004\113\000\051}{section.5.2}% 64
\BOOKMARK [3][-]{subsubsection.5.2.2.1}{\376\377\0005\000.\0002\000.\0002\000.\0001\000\040\000\137\000\137\000i\000n\000i\000t\000\137\000\137\000\050\000\051}{subsection.5.2.2}% 65
\BOOKMARK [2][-]{subsection.5.2.3}{\376\377\0005\000.\0002\000.\0003\000\040\004\034\004\065\004\102\004\076\004\064\004\113}{section.5.2}% 66
\BOOKMARK [3][-]{subsubsection.5.2.3.1}{\376\377\0005\000.\0002\000.\0003\000.\0001\000\040\000g\000e\000t\000\137\000b\000y\000\137\000i\000n\000d\000e\000x\000\050\000\051}{subsection.5.2.3}% 67
\BOOKMARK [3][-]{subsubsection.5.2.3.2}{\376\377\0005\000.\0002\000.\0003\000.\0002\000\040\000g\000e\000t\000\137\000p\000h\000r\000a\000s\000e\000\137\000e\000m\000b\000e\000d\000d\000i\000n\000g\000\050\000\051}{subsection.5.2.3}% 68
\BOOKMARK [3][-]{subsubsection.5.2.3.3}{\376\377\0005\000.\0002\000.\0003\000.\0003\000\040\000m\000a\000k\000e\000\137\000e\000m\000b\000e\000d\000d\000i\000n\000g\000s\000\050\000\051}{subsection.5.2.3}% 69
\BOOKMARK [3][-]{subsubsection.5.2.3.4}{\376\377\0005\000.\0002\000.\0003\000.\0004\000\040\000r\000u\000n\000\050\000\051}{subsection.5.2.3}% 70
\BOOKMARK [3][-]{subsubsection.5.2.3.5}{\376\377\0005\000.\0002\000.\0003\000.\0005\000\040\000t\000o\000k\000e\000n\000i\000z\000e\000\050\000\051}{subsection.5.2.3}% 71
\BOOKMARK [3][-]{subsubsection.5.2.3.6}{\376\377\0005\000.\0002\000.\0003\000.\0006\000\040\000w\000r\000i\000t\000e\000\137\000m\000a\000t\000r\000i\000x\000\050\000\051}{subsection.5.2.3}% 72
\BOOKMARK [2][-]{subsection.5.2.4}{\376\377\0005\000.\0002\000.\0004\000\040\004\024\004\060\004\075\004\075\004\113\004\065\000\040\004\072\004\073\004\060\004\101\004\101\004\060}{section.5.2}% 73
\BOOKMARK [3][-]{subsubsection.5.2.4.1}{\376\377\0005\000.\0002\000.\0004\000.\0001\000\040\000d\000e\000v\000i\000c\000e}{subsection.5.2.4}% 74
\BOOKMARK [3][-]{subsubsection.5.2.4.2}{\376\377\0005\000.\0002\000.\0004\000.\0002\000\040\000e\000m\000b\000e\000d\000d\000i\000n\000g\000s}{subsection.5.2.4}% 75
\BOOKMARK [3][-]{subsubsection.5.2.4.3}{\376\377\0005\000.\0002\000.\0004\000.\0003\000\040\000m\000o\000d\000e\000l}{subsection.5.2.4}% 76
\BOOKMARK [3][-]{subsubsection.5.2.4.4}{\376\377\0005\000.\0002\000.\0004\000.\0004\000\040\000t\000o\000k\000e\000n\000i\000z\000e\000d}{subsection.5.2.4}% 77
\BOOKMARK [3][-]{subsubsection.5.2.4.5}{\376\377\0005\000.\0002\000.\0004\000.\0005\000\040\000t\000o\000k\000e\000n\000i\000z\000e\000r}{subsection.5.2.4}% 78
\BOOKMARK [3][-]{subsubsection.5.2.4.6}{\376\377\0005\000.\0002\000.\0004\000.\0006\000\040\000w\000o\000r\000d\000s}{subsection.5.2.4}% 79
\BOOKMARK [1][-]{section.5.3}{\376\377\0005\000.\0003\000\040\004\032\004\073\004\060\004\101\004\101\000\040\000J\000o\000k\000e\000C\000l\000a\000s\000s\000i\000f\000i\000e\000r}{chapter.5}% 80
\BOOKMARK [2][-]{subsection.5.3.1}{\376\377\0005\000.\0003\000.\0001\000\040\004\037\004\076\004\064\004\100\004\076\004\061\004\075\004\076\004\065\000\040\004\076\004\077\004\070\004\101\004\060\004\075\004\070\004\065}{section.5.3}% 81
\BOOKMARK [1][-]{section.5.4}{\376\377\0005\000.\0004\000\040\004\032\004\073\004\060\004\101\004\101\000\040\000J\000o\000k\000e\000C\000l\000a\000s\000s\000i\000f\000i\000e\000r\000.\000J\000o\000k\000e\000C\000l\000a\000s\000s\000i\000f\000i\000e\000r}{chapter.5}% 82
\BOOKMARK [2][-]{subsection.5.4.1}{\376\377\0005\000.\0004\000.\0001\000\040\004\037\004\076\004\064\004\100\004\076\004\061\004\075\004\076\004\065\000\040\004\076\004\077\004\070\004\101\004\060\004\075\004\070\004\065}{section.5.4}% 83
\BOOKMARK [2][-]{subsection.5.4.2}{\376\377\0005\000.\0004\000.\0002\000\040\004\032\004\076\004\075\004\101\004\102\004\100\004\103\004\072\004\102\004\076\004\100\000\050\004\113\000\051}{section.5.4}% 84
\BOOKMARK [3][-]{subsubsection.5.4.2.1}{\376\377\0005\000.\0004\000.\0002\000.\0001\000\040\000\137\000\137\000i\000n\000i\000t\000\137\000\137\000\050\000\051}{subsection.5.4.2}% 85
\BOOKMARK [2][-]{subsection.5.4.3}{\376\377\0005\000.\0004\000.\0003\000\040\004\034\004\065\004\102\004\076\004\064\004\113}{section.5.4}% 86
\BOOKMARK [3][-]{subsubsection.5.4.3.1}{\376\377\0005\000.\0004\000.\0003\000.\0001\000\040\000\137\000\137\000c\000a\000l\000l\000\137\000\137\000\050\000\051}{subsection.5.4.3}% 87
\BOOKMARK [2][-]{subsection.5.4.4}{\376\377\0005\000.\0004\000.\0004\000\040\004\024\004\060\004\075\004\075\004\113\004\065\000\040\004\072\004\073\004\060\004\101\004\101\004\060}{section.5.4}% 88
\BOOKMARK [3][-]{subsubsection.5.4.4.1}{\376\377\0005\000.\0004\000.\0004\000.\0001\000\040\000m\000o\000d\000e\000l}{subsection.5.4.4}% 89
\BOOKMARK [3][-]{subsubsection.5.4.4.2}{\376\377\0005\000.\0004\000.\0004\000.\0002\000\040\000t\000o\000k\000e\000n\000i\000z\000e\000r}{subsection.5.4.4}% 90
\BOOKMARK [1][-]{section.5.5}{\376\377\0005\000.\0005\000\040\004\032\004\073\004\060\004\101\004\101\000\040\000b\000a\000d\000\137\000l\000a\000n\000g\000u\000a\000g\000e\000.\000M\000e\000r\000g\000e\000r}{chapter.5}% 91
\BOOKMARK [2][-]{subsection.5.5.1}{\376\377\0005\000.\0005\000.\0001\000\040\004\037\004\076\004\064\004\100\004\076\004\061\004\075\004\076\004\065\000\040\004\076\004\077\004\070\004\101\004\060\004\075\004\070\004\065}{section.5.5}% 92
\BOOKMARK [2][-]{subsection.5.5.2}{\376\377\0005\000.\0005\000.\0002\000\040\004\032\004\076\004\075\004\101\004\102\004\100\004\103\004\072\004\102\004\076\004\100\000\050\004\113\000\051}{section.5.5}% 93
\BOOKMARK [3][-]{subsubsection.5.5.2.1}{\376\377\0005\000.\0005\000.\0002\000.\0001\000\040\000\137\000\137\000i\000n\000i\000t\000\137\000\137\000\050\000\051}{subsection.5.5.2}% 94
\BOOKMARK [2][-]{subsection.5.5.3}{\376\377\0005\000.\0005\000.\0003\000\040\004\034\004\065\004\102\004\076\004\064\004\113}{section.5.5}% 95
\BOOKMARK [3][-]{subsubsection.5.5.3.1}{\376\377\0005\000.\0005\000.\0003\000.\0001\000\040\000\137\000\137\000c\000a\000l\000l\000\137\000\137\000\050\000\051}{subsection.5.5.3}% 96
\BOOKMARK [2][-]{subsection.5.5.4}{\376\377\0005\000.\0005\000.\0004\000\040\004\024\004\060\004\075\004\075\004\113\004\065\000\040\004\072\004\073\004\060\004\101\004\101\004\060}{section.5.5}% 97
\BOOKMARK [3][-]{subsubsection.5.5.4.1}{\376\377\0005\000.\0005\000.\0004\000.\0001\000\040\000c\000l\000a\000s\000s\000i\000f\000i\000e\000r\000s}{subsection.5.5.4}% 98
\BOOKMARK [3][-]{subsubsection.5.5.4.2}{\376\377\0005\000.\0005\000.\0004\000.\0002\000\040\000i\000s\000\137\000s\000o\000f\000t}{subsection.5.5.4}% 99
\BOOKMARK [1][-]{section.5.6}{\376\377\0005\000.\0006\000\040\004\032\004\073\004\060\004\101\004\101\000\040\000e\000m\000b\000e\000d\000d\000i\000n\000g\000s\000.\000Q\000u\000e\000s\000t\000i\000o\000n\000F\000i\000n\000d\000e\000r}{chapter.5}% 100
\BOOKMARK [2][-]{subsection.5.6.1}{\376\377\0005\000.\0006\000.\0001\000\040\004\037\004\076\004\064\004\100\004\076\004\061\004\075\004\076\004\065\000\040\004\076\004\077\004\070\004\101\004\060\004\075\004\070\004\065}{section.5.6}% 101
\BOOKMARK [2][-]{subsection.5.6.2}{\376\377\0005\000.\0006\000.\0002\000\040\004\032\004\076\004\075\004\101\004\102\004\100\004\103\004\072\004\102\004\076\004\100\000\050\004\113\000\051}{section.5.6}% 102
\BOOKMARK [3][-]{subsubsection.5.6.2.1}{\376\377\0005\000.\0006\000.\0002\000.\0001\000\040\000\137\000\137\000i\000n\000i\000t\000\137\000\137\000\050\000\051}{subsection.5.6.2}% 103
\BOOKMARK [2][-]{subsection.5.6.3}{\376\377\0005\000.\0006\000.\0003\000\040\004\034\004\065\004\102\004\076\004\064\004\113}{section.5.6}% 104
\BOOKMARK [3][-]{subsubsection.5.6.3.1}{\376\377\0005\000.\0006\000.\0003\000.\0001\000\040\000f\000i\000n\000d\000\137\000c\000l\000o\000s\000e\000s\000t\000\050\000\051}{subsection.5.6.3}% 105
\BOOKMARK [2][-]{subsection.5.6.4}{\376\377\0005\000.\0006\000.\0004\000\040\004\024\004\060\004\075\004\075\004\113\004\065\000\040\004\072\004\073\004\060\004\101\004\101\004\060}{section.5.6}% 106
\BOOKMARK [3][-]{subsubsection.5.6.4.1}{\376\377\0005\000.\0006\000.\0004\000.\0001\000\040\000d\000i\000m}{subsection.5.6.4}% 107
\BOOKMARK [3][-]{subsubsection.5.6.4.2}{\376\377\0005\000.\0006\000.\0004\000.\0002\000\040\000e\000m\000b\000e\000d\000d\000i\000n\000g\000s}{subsection.5.6.4}% 108
\BOOKMARK [3][-]{subsubsection.5.6.4.3}{\376\377\0005\000.\0006\000.\0004\000.\0003\000\040\000l\000a\000b\000e\000l\000s}{subsection.5.6.4}% 109
\BOOKMARK [3][-]{subsubsection.5.6.4.4}{\376\377\0005\000.\0006\000.\0004\000.\0004\000\040\000n\000u\000m}{subsection.5.6.4}% 110
\BOOKMARK [3][-]{subsubsection.5.6.4.5}{\376\377\0005\000.\0006\000.\0004\000.\0005\000\040\000p}{subsection.5.6.4}% 111
\BOOKMARK [1][-]{section.5.7}{\376\377\0005\000.\0007\000\040\004\032\004\073\004\060\004\101\004\101\000\040\000b\000a\000d\000\137\000l\000a\000n\000g\000u\000a\000g\000e\000.\000S\000w\000e\000a\000r\000D\000e\000t\000e\000c\000t\000o\000r}{chapter.5}% 112
\BOOKMARK [2][-]{subsection.5.7.1}{\376\377\0005\000.\0007\000.\0001\000\040\004\037\004\076\004\064\004\100\004\076\004\061\004\075\004\076\004\065\000\040\004\076\004\077\004\070\004\101\004\060\004\075\004\070\004\065}{section.5.7}% 113
\BOOKMARK [2][-]{subsection.5.7.2}{\376\377\0005\000.\0007\000.\0002\000\040\004\032\004\076\004\075\004\101\004\102\004\100\004\103\004\072\004\102\004\076\004\100\000\050\004\113\000\051}{section.5.7}% 114
\BOOKMARK [3][-]{subsubsection.5.7.2.1}{\376\377\0005\000.\0007\000.\0002\000.\0001\000\040\000\137\000\137\000i\000n\000i\000t\000\137\000\137\000\050\000\051}{subsection.5.7.2}% 115
\BOOKMARK [2][-]{subsection.5.7.3}{\376\377\0005\000.\0007\000.\0003\000\040\004\034\004\065\004\102\004\076\004\064\004\113}{section.5.7}% 116
\BOOKMARK [3][-]{subsubsection.5.7.3.1}{\376\377\0005\000.\0007\000.\0003\000.\0001\000\040\000\137\000\137\000c\000a\000l\000l\000\137\000\137\000\050\000\051}{subsection.5.7.3}% 117
\BOOKMARK [3][-]{subsubsection.5.7.3.2}{\376\377\0005\000.\0007\000.\0003\000.\0002\000\040\000c\000l\000e\000a\000r\000\050\000\051}{subsection.5.7.3}% 118
\BOOKMARK [3][-]{subsubsection.5.7.3.3}{\376\377\0005\000.\0007\000.\0003\000.\0003\000\040\000f\000i\000n\000d\000\137\000s\000w\000e\000a\000r\000\050\000\051}{subsection.5.7.3}% 119
\BOOKMARK [3][-]{subsubsection.5.7.3.4}{\376\377\0005\000.\0007\000.\0003\000.\0004\000\040\000h\000a\000s\000\137\000s\000w\000e\000a\000r\000\050\000\051}{subsection.5.7.3}% 120
\BOOKMARK [2][-]{subsection.5.7.4}{\376\377\0005\000.\0007\000.\0004\000\040\004\024\004\060\004\075\004\075\004\113\004\065\000\040\004\072\004\073\004\060\004\101\004\101\004\060}{section.5.7}% 121
\BOOKMARK [3][-]{subsubsection.5.7.4.1}{\376\377\0005\000.\0007\000.\0004\000.\0001\000\040\000b\000l\000o\000c\000k\000l\000i\000s\000t}{subsection.5.7.4}% 122
\BOOKMARK [3][-]{subsubsection.5.7.4.2}{\376\377\0005\000.\0007\000.\0004\000.\0002\000\040\000l\000e\000m\000m\000a\000t\000i\000z\000e\000r}{subsection.5.7.4}% 123
\BOOKMARK [1][-]{section.5.8}{\376\377\0005\000.\0008\000\040\004\032\004\073\004\060\004\101\004\101\000\040\000b\000a\000d\000\137\000l\000a\000n\000g\000u\000a\000g\000e\000.\000T\000o\000x\000i\000c\000C\000l\000a\000s\000s\000i\000f\000i\000e\000r}{chapter.5}% 124
\BOOKMARK [2][-]{subsection.5.8.1}{\376\377\0005\000.\0008\000.\0001\000\040\004\037\004\076\004\064\004\100\004\076\004\061\004\075\004\076\004\065\000\040\004\076\004\077\004\070\004\101\004\060\004\075\004\070\004\065}{section.5.8}% 125
\BOOKMARK [2][-]{subsection.5.8.2}{\376\377\0005\000.\0008\000.\0002\000\040\004\032\004\076\004\075\004\101\004\102\004\100\004\103\004\072\004\102\004\076\004\100\000\050\004\113\000\051}{section.5.8}% 126
\BOOKMARK [3][-]{subsubsection.5.8.2.1}{\376\377\0005\000.\0008\000.\0002\000.\0001\000\040\000\137\000\137\000i\000n\000i\000t\000\137\000\137\000\050\000\051}{subsection.5.8.2}% 127
\BOOKMARK [2][-]{subsection.5.8.3}{\376\377\0005\000.\0008\000.\0003\000\040\004\034\004\065\004\102\004\076\004\064\004\113}{section.5.8}% 128
\BOOKMARK [3][-]{subsubsection.5.8.3.1}{\376\377\0005\000.\0008\000.\0003\000.\0001\000\040\000\137\000\137\000c\000a\000l\000l\000\137\000\137\000\050\000\051}{subsection.5.8.3}% 129
\BOOKMARK [3][-]{subsubsection.5.8.3.2}{\376\377\0005\000.\0008\000.\0003\000.\0002\000\040\000h\000o\000w\000\137\000t\000o\000x\000i\000c\000\050\000\051}{subsection.5.8.3}% 130
\BOOKMARK [3][-]{subsubsection.5.8.3.3}{\376\377\0005\000.\0008\000.\0003\000.\0003\000\040\000i\000s\000\137\000t\000o\000x\000i\000c\000\050\000\051}{subsection.5.8.3}% 131
\BOOKMARK [2][-]{subsection.5.8.4}{\376\377\0005\000.\0008\000.\0004\000\040\004\024\004\060\004\075\004\075\004\113\004\065\000\040\004\072\004\073\004\060\004\101\004\101\004\060}{section.5.8}% 132
\BOOKMARK [3][-]{subsubsection.5.8.4.1}{\376\377\0005\000.\0008\000.\0004\000.\0001\000\040\000t\000o\000x\000i\000c\000\137\000b\000e\000r\000t}{subsection.5.8.4}% 133
\BOOKMARK [3][-]{subsubsection.5.8.4.2}{\376\377\0005\000.\0008\000.\0004\000.\0002\000\040\000t\000o\000x\000i\000c\000\137\000t\000o\000k\000e\000n\000i\000z\000e\000r}{subsection.5.8.4}% 134
\BOOKMARK [1][-]{section.5.9}{\376\377\0005\000.\0009\000\040\004\032\004\073\004\060\004\101\004\101\000\040\000p\000r\000o\000d\000.\000w\000o\000r\000k\000e\000r\000.\000W\000o\000r\000k\000e\000r}{chapter.5}% 135
\BOOKMARK [2][-]{subsection.5.9.1}{\376\377\0005\000.\0009\000.\0001\000\040\004\037\004\076\004\064\004\100\004\076\004\061\004\075\004\076\004\065\000\040\004\076\004\077\004\070\004\101\004\060\004\075\004\070\004\065}{section.5.9}% 136
\BOOKMARK [2][-]{subsection.5.9.2}{\376\377\0005\000.\0009\000.\0002\000\040\004\032\004\076\004\075\004\101\004\102\004\100\004\103\004\072\004\102\004\076\004\100\000\050\004\113\000\051}{section.5.9}% 137
\BOOKMARK [3][-]{subsubsection.5.9.2.1}{\376\377\0005\000.\0009\000.\0002\000.\0001\000\040\000\137\000\137\000i\000n\000i\000t\000\137\000\137\000\050\000\051}{subsection.5.9.2}% 138
\BOOKMARK [2][-]{subsection.5.9.3}{\376\377\0005\000.\0009\000.\0003\000\040\004\034\004\065\004\102\004\076\004\064\004\113}{section.5.9}% 139
\BOOKMARK [3][-]{subsubsection.5.9.3.1}{\376\377\0005\000.\0009\000.\0003\000.\0001\000\040\000w\000o\000r\000k\000\050\000\051}{subsection.5.9.3}% 140
\BOOKMARK [3][-]{subsubsection.5.9.3.2}{\376\377\0005\000.\0009\000.\0003\000.\0002\000\040\000w\000o\000r\000k\000\137\000o\000n\000c\000e\000\050\000\051}{subsection.5.9.3}% 141
\BOOKMARK [2][-]{subsection.5.9.4}{\376\377\0005\000.\0009\000.\0004\000\040\004\024\004\060\004\075\004\075\004\113\004\065\000\040\004\072\004\073\004\060\004\101\004\101\004\060}{section.5.9}% 142
\BOOKMARK [3][-]{subsubsection.5.9.4.1}{\376\377\0005\000.\0009\000.\0004\000.\0001\000\040\000c\000h\000a\000t\000\137\000b\000o\000t\000s}{subsection.5.9.4}% 143
\BOOKMARK [3][-]{subsubsection.5.9.4.2}{\376\377\0005\000.\0009\000.\0004\000.\0002\000\040\000o\000f\000f\000s\000e\000t}{subsection.5.9.4}% 144
\BOOKMARK [3][-]{subsubsection.5.9.4.3}{\376\377\0005\000.\0009\000.\0004\000.\0003\000\040\000t\000o\000k\000e\000n}{subsection.5.9.4}% 145
\BOOKMARK [0][-]{chapter.6}{\376\377\0006\000\040\004\044\004\060\004\071\004\073\004\113}{}% 146
\BOOKMARK [1][-]{section.6.1}{\376\377\0006\000.\0001\000\040\004\044\004\060\004\071\004\073\000\040\000\137\000\137\000i\000n\000i\000t\000\137\000\137\000.\000p\000y}{chapter.6}% 147
\BOOKMARK [1][-]{section.6.2}{\376\377\0006\000.\0002\000\040\004\044\004\060\004\071\004\073\000\040\000u\000t\000i\000l\000s\000/\000b\000a\000d\000\137\000l\000a\000n\000g\000u\000a\000g\000e\000.\000p\000y}{chapter.6}% 148
\BOOKMARK [1][-]{section.6.3}{\376\377\0006\000.\0003\000\040\004\044\004\060\004\071\004\073\000\040\000u\000t\000i\000l\000s\000/\000e\000m\000b\000e\000d\000d\000i\000n\000g\000s\000.\000p\000y}{chapter.6}% 149
\BOOKMARK [1][-]{section.6.4}{\376\377\0006\000.\0004\000\040\004\044\004\060\004\071\004\073\000\040\000u\000t\000i\000l\000s\000/\000J\000o\000k\000e\000C\000l\000a\000s\000s\000i\000f\000i\000e\000r\000.\000p\000y}{chapter.6}% 150
\BOOKMARK [1][-]{section.6.5}{\376\377\0006\000.\0005\000\040\004\044\004\060\004\071\004\073\000\040\000u\000t\000i\000l\000s\000/\000t\000e\000l\000e\000g\000r\000a\000m\000/\000d\000i\000a\000l\000o\000g\000p\000t\000.\000p\000y}{chapter.6}% 151
\BOOKMARK [1][-]{section.6.6}{\376\377\0006\000.\0006\000\040\004\044\004\060\004\071\004\073\000\040\000u\000t\000i\000l\000s\000/\000t\000e\000l\000e\000g\000r\000a\000m\000/\000t\000e\000x\000t\000.\000p\000y}{chapter.6}% 152
\BOOKMARK [1][-]{section.6.7}{\376\377\0006\000.\0007\000\040\004\044\004\060\004\071\004\073\000\040\000u\000t\000i\000l\000s\000/\000t\000e\000l\000e\000g\000r\000a\000m\000/\000t\000r\000a\000n\000s\000l\000a\000t\000e\000\137\000e\000m\000o\000j\000i\000.\000p\000y}{chapter.6}% 153
\BOOKMARK [1][-]{section.6.8}{\376\377\0006\000.\0008\000\040\004\044\004\060\004\071\004\073\000\040\000u\000t\000i\000l\000s\000/\000t\000e\000l\000e\000g\000r\000a\000m\000/\000w\000e\000b\000.\000p\000y}{chapter.6}% 154
\BOOKMARK [1][-]{section.6.9}{\376\377\0006\000.\0009\000\040\004\044\004\060\004\071\004\073\000\040\000w\000o\000r\000k\000e\000r\000.\000p\000y}{chapter.6}% 155
\BOOKMARK [0][-]{section*.50}{\376\377\004\037\004\100\004\065\004\064\004\074\004\065\004\102\004\075\004\113\004\071\000\040\004\103\004\072\004\060\004\067\004\060\004\102\004\065\004\073\004\114}{}% 156
